16:35:25.831 [main] INFO  org.fiap.entities.User - Create: User{name='John', lastName='Doe', email='john@email.com', password='Senha@123', userType='buyer', address=null, phone='11 99999-9999', birthDate=1990-01-01} _BaseEntity{id=0, createdAt=2024-06-01T16:35:25.432328, updatedAt=2024-06-01T16:35:25.432328}
16:35:26.080 [main] INFO  org.fiap.entities.User - Create: User{name='Maria', lastName='Doe', email='maria@email.com', password='Senha@123', userType='buyer', address=null, phone='11 99999-9999', birthDate=1990-01-01} _BaseEntity{id=0, createdAt=2024-06-01T16:35:25.432328, updatedAt=2024-06-01T16:35:25.432328}
16:47:45.109 [main] INFO  org.fiap.entities.User - Create: User{name='John', lastName='Doe', email='john@email.com', password='Senha@123', userType='buyer', address=null, phone='11 99999-9999', birthDate=1990-01-01} _BaseEntity{id=0, createdAt=2024-06-01T16:47:44.644351800, updatedAt=2024-06-01T16:47:44.644351800}
16:47:45.361 [main] INFO  org.fiap.entities.User - Create: User{name='Maria', lastName='Doe', email='maria@email.com', password='Senha@123', userType='buyer', address=null, phone='11 99999-9999', birthDate=1990-01-01} _BaseEntity{id=0, createdAt=2024-06-01T16:47:44.644351800, updatedAt=2024-06-01T16:47:44.644351800}
16:47:45.635 [main] INFO  org.fiap.entities.User - Read by ID: 1
16:47:45.881 [main] INFO  org.fiap.entities.User - Update: User{name='John Updated', lastName='Doe Updated', email='john@email.com', password='Senha@123', userType='buyer', address=null, phone='11 99999-9999', birthDate=1990-01-01} _BaseEntity{id=0, createdAt=2024-06-01T16:47:44.644351800, updatedAt=2024-06-01T16:47:45.647368400}
16:47:46.119 [main] INFO  org.fiap.entities.User - Read by ID: 1
16:47:46.380 [main] INFO  org.fiap.entities.User - Delete by ID: 1
16:47:46.877 [main] INFO  org.fiap.entities.User - Read all entities
16:52:40.029 [main] INFO  org.fiap.entities.User - Create: User{name='John', lastName='Doe', email='john@email.com', password='Senha@123', userType='buyer', address=null, phone='11 99999-9999', birthDate=1990-01-01} _BaseEntity{id=0, createdAt=2024-06-01T16:52:38.973220700, updatedAt=2024-06-01T16:52:38.973220700}
16:52:40.298 [main] INFO  org.fiap.entities.User - Create: User{name='Maria', lastName='Doe', email='maria@email.com', password='Senha@123', userType='buyer', address=null, phone='11 99999-9999', birthDate=1990-01-01} _BaseEntity{id=0, createdAt=2024-06-01T16:52:38.973220700, updatedAt=2024-06-01T16:52:38.973220700}
16:52:40.601 [main] INFO  org.fiap.entities.User - Read by ID: 1
16:52:40.859 [main] INFO  org.fiap.entities.User - Update: User{name='John Updated', lastName='Doe Updated', email='john@email.com', password='Senha@123', userType='buyer', address=null, phone='11 99999-9999', birthDate=1990-01-01} _BaseEntity{id=0, createdAt=2024-06-01T16:52:38.973220700, updatedAt=2024-06-01T16:52:40.620225300}
16:52:41.071 [main] INFO  org.fiap.entities.User - Read by ID: 1
16:52:41.326 [main] INFO  org.fiap.entities.User - Delete by ID: 1
16:52:41.559 [main] INFO  org.fiap.entities.User - Read all entities
16:55:59.326 [main] INFO  org.fiap.entities.User - Create: User{name='John', lastName='Doe', email='john@email.com', password='Senha@123', userType='buyer', address=null, phone='11 99999-9999', birthDate=1990-01-01} _BaseEntity{id=0, createdAt=2024-06-01T16:55:58.910751, updatedAt=2024-06-01T16:55:58.910751}
16:55:59.636 [main] INFO  org.fiap.entities.User - Create: User{name='Maria', lastName='Doe', email='maria@email.com', password='Senha@123', userType='buyer', address=null, phone='11 99999-9999', birthDate=1990-01-01} _BaseEntity{id=0, createdAt=2024-06-01T16:55:58.910751, updatedAt=2024-06-01T16:55:58.910751}
16:55:59.921 [main] INFO  org.fiap.entities.User - Read by ID: User{name='John', lastName='Doe', email='john@email.com', password='Senha@123', userType='buyer', address=null, phone='11 99999-9999', birthDate=1990-01-01} _BaseEntity{id=1, createdAt=2024-06-01T16:55:59.921752200, updatedAt=2024-06-01T16:55:59.921752200}
16:56:00.200 [main] INFO  org.fiap.entities.User - Update: User{name='John Updated', lastName='Doe Updated', email='john@email.com', password='Senha@123', userType='buyer', address=null, phone='11 99999-9999', birthDate=1990-01-01} _BaseEntity{id=0, createdAt=2024-06-01T16:55:58.910751, updatedAt=2024-06-01T16:55:59.934807300}
16:56:00.444 [main] INFO  org.fiap.entities.User - Read by ID: User{name='John Updated', lastName='Doe Updated', email='john@email.com', password='Senha@123', userType='buyer', address=null, phone='11 99999-9999', birthDate=1990-01-01} _BaseEntity{id=1, createdAt=2024-06-01T16:56:00.444752200, updatedAt=2024-06-01T16:56:00.444752200}
16:56:00.702 [main] INFO  org.fiap.entities.User - Delete by ID: 1
16:56:00.929 [main] INFO  org.fiap.entities.User - Read all entities
16:57:44.425 [main] INFO  org.fiap.entities.User - Create: User{name='John', lastName='Doe', email='john@email.com', password='Senha@123', userType='buyer', address=null, phone='11 99999-9999', birthDate=1990-01-01} _BaseEntity{id=0, createdAt=2024-06-01T16:57:44.008085900, updatedAt=2024-06-01T16:57:44.008085900}
16:57:44.694 [main] INFO  org.fiap.entities.User - Create: User{name='Maria', lastName='Doe', email='maria@email.com', password='Senha@123', userType='buyer', address=null, phone='11 99999-9999', birthDate=1990-01-01} _BaseEntity{id=0, createdAt=2024-06-01T16:57:44.008085900, updatedAt=2024-06-01T16:57:44.008085900}
16:57:44.989 [main] INFO  org.fiap.entities.User - Read by ID: User{name='John', lastName='Doe', email='john@email.com', password='Senha@123', userType='buyer', address=null, phone='11 99999-9999', birthDate=1990-01-01} _BaseEntity{id=1, createdAt=2024-06-01T16:57:44.989096800, updatedAt=2024-06-01T16:57:44.989096800}
16:57:45.246 [main] INFO  org.fiap.entities.User - Update: User{name='John Updated', lastName='Doe Updated', email='john@email.com', password='Senha@123', userType='buyer', address=null, phone='11 99999-9999', birthDate=1990-01-01} _BaseEntity{id=0, createdAt=2024-06-01T16:57:44.008085900, updatedAt=2024-06-01T16:57:45.002097800}
16:57:45.499 [main] INFO  org.fiap.entities.User - Read by ID: User{name='John Updated', lastName='Doe Updated', email='john@email.com', password='Senha@123', userType='buyer', address=null, phone='11 99999-9999', birthDate=1990-01-01} _BaseEntity{id=1, createdAt=2024-06-01T16:57:45.499096, updatedAt=2024-06-01T16:57:45.499096}
16:57:45.996 [main] INFO  org.fiap.entities.User - Delete by ID: null
16:57:46.253 [main] INFO  org.fiap.entities.User - Read all entities
16:58:19.170 [main] INFO  org.fiap.entities.User - Create: User{name='John', lastName='Doe', email='john@email.com', password='Senha@123', userType='buyer', address=null, phone='11 99999-9999', birthDate=1990-01-01} _BaseEntity{id=0, createdAt=2024-06-01T16:58:18.735304, updatedAt=2024-06-01T16:58:18.736313900}
16:58:19.463 [main] INFO  org.fiap.entities.User - Create: User{name='Maria', lastName='Doe', email='maria@email.com', password='Senha@123', userType='buyer', address=null, phone='11 99999-9999', birthDate=1990-01-01} _BaseEntity{id=0, createdAt=2024-06-01T16:58:18.736313900, updatedAt=2024-06-01T16:58:18.736313900}
16:58:19.705 [main] INFO  org.fiap.entities.User - Read by ID: User{name='John', lastName='Doe', email='john@email.com', password='Senha@123', userType='buyer', address=null, phone='11 99999-9999', birthDate=1990-01-01} _BaseEntity{id=1, createdAt=2024-06-01T16:58:19.705331300, updatedAt=2024-06-01T16:58:19.705331300}
16:58:19.984 [main] INFO  org.fiap.entities.User - Update: User{name='John Updated', lastName='Doe Updated', email='john@email.com', password='Senha@123', userType='buyer', address=null, phone='11 99999-9999', birthDate=1990-01-01} _BaseEntity{id=0, createdAt=2024-06-01T16:58:18.735304, updatedAt=2024-06-01T16:58:19.717274100}
16:58:20.204 [main] INFO  org.fiap.entities.User - Read by ID: User{name='John Updated', lastName='Doe Updated', email='john@email.com', password='Senha@123', userType='buyer', address=null, phone='11 99999-9999', birthDate=1990-01-01} _BaseEntity{id=1, createdAt=2024-06-01T16:58:20.203332100, updatedAt=2024-06-01T16:58:20.203332100}
16:58:20.430 [main] INFO  org.fiap.entities.User - Read by ID: User{name='John Updated', lastName='Doe Updated', email='john@email.com', password='Senha@123', userType='buyer', address=null, phone='11 99999-9999', birthDate=1990-01-01} _BaseEntity{id=1, createdAt=2024-06-01T16:58:20.430276200, updatedAt=2024-06-01T16:58:20.430276200}
16:58:20.440 [main] INFO  org.fiap.entities.User - Delete by ID: User{name='John Updated', lastName='Doe Updated', email='john@email.com', password='Senha@123', userType='buyer', address=null, phone='11 99999-9999', birthDate=1990-01-01} _BaseEntity{id=1, createdAt=2024-06-01T16:58:20.430276200, updatedAt=2024-06-01T16:58:20.430276200}
16:58:20.925 [main] INFO  org.fiap.entities.User - Read all entities
19:53:13.420 [main] INFO  org.fiap.entities.User - Create: User{name='John', lastName='Doe', email='john@email.com', password='Senha@123', userType='buyer', address=null, phone='11 99999-9999', birthDate=1990-01-01} _BaseEntity{id=0, createdAt=2024-06-01T19:53:13.050782300, updatedAt=2024-06-01T19:53:13.050782300}
20:27:37.584 [main] INFO  org.fiap.entities.Address - Create: Address{street='Rua Funchal', number='123', complement='Apto 123', neighborhood='Vila Olimpia', city='São Paulo', state='SP', country='Brasil', zipCode='12345678'} _BaseEntity{id=0, createdAt=2024-06-01T20:27:37.105479700, updatedAt=2024-06-01T20:27:37.105479700}
20:32:47.569 [main] INFO  org.fiap.entities.Address - Create: Address{street='Rua Funchal', number='123', complement='Apto 123', neighborhood='Vila Olimpia', city='São Paulo', state='SP', country='Brasil', zipCode='12345678'} _BaseEntity{id=0, createdAt=2024-06-01T20:32:47.144837, updatedAt=2024-06-01T20:32:47.144837}
20:34:46.790 [main] INFO  org.fiap.entities.Address - Create: Address{street='Rua Funchal', number='123', complement='Apto 123', neighborhood='Vila Olimpia', city='São Paulo', state='SP', country='Brasil', zipCode='12345678'} _BaseEntity{id=0, createdAt=2024-06-01T20:34:46.304686100, updatedAt=2024-06-01T20:34:46.304686100}
20:34:48.280 [main] INFO  org.fiap.entities.Address - Read by ID: Address{street='Rua Funchal', number='123', complement='Apto 123', neighborhood='Vila Olimpia', city='São Paulo', state='SP', country='Brasil', zipCode='12345678'} _BaseEntity{id=2, createdAt=2024-06-01T20:27:37.105480, updatedAt=2024-06-01T20:34:48.280559700}
20:34:48.970 [main] INFO  org.fiap.entities.Address - Create: Address{street='Rua Funchal', number='123', complement='Apto 123', neighborhood='Vila Olimpia', city='São Paulo', state='SP', country='Brasil', zipCode='12345678'} _BaseEntity{id=0, createdAt=2024-06-01T20:34:48.399552700, updatedAt=2024-06-01T20:34:48.399552700}
20:34:49.994 [main] INFO  org.fiap.entities.Address - Read by ID: Address{street='Rua Funchal', number='123', complement='Apto 123', neighborhood='Vila Olimpia', city='São Paulo', state='SP', country='Brasil', zipCode='12345678'} _BaseEntity{id=2, createdAt=2024-06-01T20:27:37.105480, updatedAt=2024-06-01T20:34:49.993727800}
20:37:07.108 [main] INFO  org.fiap.entities.User - Create: User{name='John', lastName='Doe', email='john@email.com', password='Senha@123', userType='buyer', address=null, phone='11 99999-9999', birthDate=1990-01-01} _BaseEntity{id=0, createdAt=2024-06-01T20:37:06.666685600, updatedAt=2024-06-01T20:37:06.666685600}
20:37:07.387 [main] INFO  org.fiap.entities.User - Create: User{name='Maria', lastName='Doe', email='maria@email.com', password='Senha@123', userType='buyer', address=null, phone='11 99999-9999', birthDate=1990-01-01} _BaseEntity{id=0, createdAt=2024-06-01T20:37:06.666685600, updatedAt=2024-06-01T20:37:06.666685600}
20:37:07.720 [main] INFO  org.fiap.entities.User - Read by ID: User{name='John', lastName='Doe', email='john@email.com', password='Senha@123', userType='buyer', address=null, phone='11 99999-9999', birthDate=1990-01-01} _BaseEntity{id=1, createdAt=2024-06-01T20:37:07.719626400, updatedAt=2024-06-01T20:37:07.719626400}
20:37:08.183 [main] INFO  org.fiap.entities.Address - Create: Address{street='Rua Funchal', number='123', complement='Apto 123', neighborhood='Vila Olimpia', city='São Paulo', state='SP', country='Brasil', zipCode='12345678'} _BaseEntity{id=0, createdAt=2024-06-01T20:37:07.735846300, updatedAt=2024-06-01T20:37:07.735846300}
20:37:09.647 [main] INFO  org.fiap.entities.User - Read by ID: User{name='John', lastName='Doe', email='john@email.com', password='Senha@123', userType='buyer', address=null, phone='11 99999-9999', birthDate=1990-01-01} _BaseEntity{id=1, createdAt=2024-06-01T20:37:09.647928800, updatedAt=2024-06-01T20:37:09.647928800}
20:37:09.663 [main] INFO  org.fiap.entities.Address - Read by ID: Address{street='Rua Funchal', number='123', complement='Apto 123', neighborhood='Vila Olimpia', city='São Paulo', state='SP', country='Brasil', zipCode='12345678'} _BaseEntity{id=2, createdAt=2024-06-01T20:37:07.735846, updatedAt=2024-06-01T20:37:09.663092500}
20:37:28.565 [main] INFO  org.fiap.entities.User - Create: User{name='John', lastName='Doe', email='john@email.com', password='Senha@123', userType='buyer', address=null, phone='11 99999-9999', birthDate=1990-01-01} _BaseEntity{id=0, createdAt=2024-06-01T20:37:28.203673400, updatedAt=2024-06-01T20:37:28.203673400}
20:37:28.802 [main] INFO  org.fiap.entities.User - Create: User{name='Maria', lastName='Doe', email='maria@email.com', password='Senha@123', userType='buyer', address=null, phone='11 99999-9999', birthDate=1990-01-01} _BaseEntity{id=0, createdAt=2024-06-01T20:37:28.203673400, updatedAt=2024-06-01T20:37:28.203673400}
20:37:29.048 [main] INFO  org.fiap.entities.User - Read by ID: User{name='John', lastName='Doe', email='john@email.com', password='Senha@123', userType='buyer', address=null, phone='11 99999-9999', birthDate=1990-01-01} _BaseEntity{id=1, createdAt=2024-06-01T20:37:29.048730700, updatedAt=2024-06-01T20:37:29.048730700}
20:37:29.410 [main] INFO  org.fiap.entities.Address - Create: Address{street='Rua Funchal', number='123', complement='Apto 123', neighborhood='Vila Olimpia', city='São Paulo', state='SP', country='Brasil', zipCode='12345678'} _BaseEntity{id=0, createdAt=2024-06-01T20:37:29.060673600, updatedAt=2024-06-01T20:37:29.060673600}
20:41:58.290 [main] INFO  org.fiap.entities.User - Create: User{name='John', lastName='Doe', email='john@email.com', password='Senha@123', userType='buyer', address=null, phone='11 99999-9999', birthDate=1990-01-01} _BaseEntity{id=0, createdAt=2024-06-01T20:41:57.957311400, updatedAt=2024-06-01T20:41:57.957311400}
20:41:58.645 [main] INFO  org.fiap.entities.User - Create: User{name='Maria', lastName='Doe', email='maria@email.com', password='Senha@123', userType='buyer', address=null, phone='11 99999-9999', birthDate=1990-01-01} _BaseEntity{id=0, createdAt=2024-06-01T20:41:57.957311400, updatedAt=2024-06-01T20:41:57.957311400}
20:41:59.065 [main] INFO  org.fiap.entities.User - Read by ID: User{name='John', lastName='Doe', email='john@email.com', password='Senha@123', userType='buyer', address=null, phone='11 99999-9999', birthDate=1990-01-01} _BaseEntity{id=1, createdAt=2024-06-01T20:41:59.065314700, updatedAt=2024-06-01T20:41:59.065314700}
20:41:59.562 [main] INFO  org.fiap.entities.Address - Create: Address{street='Rua Funchal', number='123', complement='Apto 123', neighborhood='Vila Olimpia', city='São Paulo', state='SP', country='Brasil', zipCode='12345678'} _BaseEntity{id=0, createdAt=2024-06-01T20:41:59.088314400, updatedAt=2024-06-01T20:41:59.088314400}
20:45:15.842 [main] INFO  org.fiap.entities.User - Create: User{name='John', lastName='Doe', email='john@email.com', password='Senha@123', userType='buyer', address=null, phone='11 99999-9999', birthDate=1990-01-01} _BaseEntity{id=0, createdAt=2024-06-01T20:45:15.503724800, updatedAt=2024-06-01T20:45:15.503724800}
20:45:16.079 [main] INFO  org.fiap.entities.User - Create: User{name='Maria', lastName='Doe', email='maria@email.com', password='Senha@123', userType='buyer', address=null, phone='11 99999-9999', birthDate=1990-01-01} _BaseEntity{id=0, createdAt=2024-06-01T20:45:15.503724800, updatedAt=2024-06-01T20:45:15.503724800}
20:45:16.396 [main] INFO  org.fiap.entities.User - Read by ID: User{name='John', lastName='Doe', email='john@email.com', password='Senha@123', userType='buyer', address=null, phone='11 99999-9999', birthDate=1990-01-01} _BaseEntity{id=1, createdAt=2024-06-01T20:45:16.396763, updatedAt=2024-06-01T20:45:16.396763}
20:45:16.825 [main] INFO  org.fiap.entities.Address - Create: Address{street='Rua Funchal', number='123', complement='Apto 123', neighborhood='Vila Olimpia', city='São Paulo', state='SP', country='Brasil', zipCode='12345678'} _BaseEntity{id=0, createdAt=2024-06-01T20:45:16.409783900, updatedAt=2024-06-01T20:45:16.409783900}
20:45:17.225 [main] INFO  org.fiap.entities.User - Read by ID: User{name='John', lastName='Doe', email='john@email.com', password='Senha@123', userType='buyer', address=null, phone='11 99999-9999', birthDate=1990-01-01} _BaseEntity{id=1, createdAt=2024-06-01T20:45:17.224723600, updatedAt=2024-06-01T20:45:17.224723600}
20:45:17.548 [main] INFO  org.fiap.entities.Address - Create: Address{street='Rua Funchal 2', number='1234', complement='Apto 123', neighborhood='Vila Olimpia', city='São Paulo', state='SP', country='Brasil', zipCode='12345678'} _BaseEntity{id=0, createdAt=2024-06-01T20:45:17.248783300, updatedAt=2024-06-01T20:45:17.248783300}
20:45:17.821 [main] INFO  org.fiap.entities.Address - Read by ID: Address{street='Rua Funchal 2', number='1234', complement='Apto 123', neighborhood='Vila Olimpia', city='São Paulo', state='SP', country='Brasil', zipCode='12345678'} _BaseEntity{id=2, createdAt=2024-06-01T20:45:17.248783, updatedAt=2024-06-01T20:45:17.248783}
20:45:18.131 [main] INFO  org.fiap.entities.Address - Update: Address{street='Rua Funchal Updated', number='123', complement='Apto 123', neighborhood='Vila Olimpia', city='São Paulo', state='SP', country='Brasil', zipCode='12345678'} _BaseEntity{id=2, createdAt=2024-06-01T20:45:17.840163600, updatedAt=2024-06-01T20:45:17.840163600}
20:45:19.015 [main] INFO  org.fiap.entities.Address - Delete by ID: null
20:45:19.300 [main] INFO  org.fiap.entities.Address - Read all entities
20:46:52.984 [main] INFO  org.fiap.entities.User - Create: User{name='John', lastName='Doe', email='john@email.com', password='Senha@123', userType='buyer', address=null, phone='11 99999-9999', birthDate=1990-01-01} _BaseEntity{id=0, createdAt=2024-06-01T20:46:52.490415200, updatedAt=2024-06-01T20:46:52.490415200}
20:46:53.341 [main] INFO  org.fiap.entities.User - Create: User{name='Maria', lastName='Doe', email='maria@email.com', password='Senha@123', userType='buyer', address=null, phone='11 99999-9999', birthDate=1990-01-01} _BaseEntity{id=0, createdAt=2024-06-01T20:46:52.490415200, updatedAt=2024-06-01T20:46:52.490415200}
20:46:53.642 [main] INFO  org.fiap.entities.User - Read by ID: User{name='John', lastName='Doe', email='john@email.com', password='Senha@123', userType='buyer', address=null, phone='11 99999-9999', birthDate=1990-01-01} _BaseEntity{id=1, createdAt=2024-06-01T20:46:53.642415800, updatedAt=2024-06-01T20:46:53.642415800}
20:46:54.136 [main] INFO  org.fiap.entities.Address - Create: Address{street='Rua Funchal', number='123', complement='Apto 123', neighborhood='Vila Olimpia', city='São Paulo', state='SP', country='Brasil', zipCode='12345678'} _BaseEntity{id=0, createdAt=2024-06-01T20:46:53.662415800, updatedAt=2024-06-01T20:46:53.662415800}
20:46:54.462 [main] INFO  org.fiap.entities.User - Read by ID: User{name='John', lastName='Doe', email='john@email.com', password='Senha@123', userType='buyer', address=null, phone='11 99999-9999', birthDate=1990-01-01} _BaseEntity{id=1, createdAt=2024-06-01T20:46:54.462416500, updatedAt=2024-06-01T20:46:54.462416500}
20:46:54.863 [main] INFO  org.fiap.entities.Address - Create: Address{street='Rua Funchal 2', number='1234', complement='Apto 123', neighborhood='Vila Olimpia', city='São Paulo', state='SP', country='Brasil', zipCode='12345678'} _BaseEntity{id=0, createdAt=2024-06-01T20:46:54.483423800, updatedAt=2024-06-01T20:46:54.483423800}
20:46:55.150 [main] INFO  org.fiap.entities.Address - Read by ID: Address{street='Rua Funchal 2', number='1234', complement='Apto 123', neighborhood='Vila Olimpia', city='São Paulo', state='SP', country='Brasil', zipCode='12345678'} _BaseEntity{id=2, createdAt=2024-06-01T20:46:54.483424, updatedAt=2024-06-01T20:46:54.483424}
20:46:55.773 [main] INFO  org.fiap.entities.Address - Update: Address{street='Rua Funchal Updated', number='123', complement='Apto 123', neighborhood='Vila Olimpia', city='São Paulo', state='SP', country='Brasil', zipCode='12345678'} _BaseEntity{id=2, createdAt=2024-06-01T20:46:55.173421400, updatedAt=2024-06-01T20:46:55.173421400}
20:46:56.694 [main] INFO  org.fiap.entities.Address - Read by ID: Address{street='Rua Funchal Updated', number='123', complement='Apto 123', neighborhood='Vila Olimpia', city='São Paulo', state='SP', country='Brasil', zipCode='12345678'} _BaseEntity{id=2, createdAt=2024-06-01T20:46:54.483424, updatedAt=2024-06-01T20:46:55.471756}
20:46:57.063 [main] INFO  org.fiap.entities.Address - Delete by ID: Address{street='Rua Funchal Updated', number='123', complement='Apto 123', neighborhood='Vila Olimpia', city='São Paulo', state='SP', country='Brasil', zipCode='12345678'} _BaseEntity{id=2, createdAt=2024-06-01T20:46:54.483424, updatedAt=2024-06-01T20:46:55.471756}
20:46:57.494 [main] INFO  org.fiap.entities.Address - Read all entities
20:47:28.387 [main] INFO  org.fiap.entities.User - Create: User{name='John', lastName='Doe', email='john@email.com', password='Senha@123', userType='buyer', address=null, phone='11 99999-9999', birthDate=1990-01-01} _BaseEntity{id=0, createdAt=2024-06-01T20:47:27.898147200, updatedAt=2024-06-01T20:47:27.898147200}
20:47:28.744 [main] INFO  org.fiap.entities.User - Create: User{name='Maria', lastName='Doe', email='maria@email.com', password='Senha@123', userType='buyer', address=null, phone='11 99999-9999', birthDate=1990-01-01} _BaseEntity{id=0, createdAt=2024-06-01T20:47:27.898147200, updatedAt=2024-06-01T20:47:27.898147200}
20:47:29.081 [main] INFO  org.fiap.entities.User - Read by ID: User{name='John', lastName='Doe', email='john@email.com', password='Senha@123', userType='buyer', address=null, phone='11 99999-9999', birthDate=1990-01-01} _BaseEntity{id=1, createdAt=2024-06-01T20:47:29.081147200, updatedAt=2024-06-01T20:47:29.081147200}
20:47:29.537 [main] INFO  org.fiap.entities.Address - Create: Address{street='Rua Funchal', number='123', complement='Apto 123', neighborhood='Vila Olimpia', city='São Paulo', state='SP', country='Brasil', zipCode='12345678'} _BaseEntity{id=0, createdAt=2024-06-01T20:47:29.097147500, updatedAt=2024-06-01T20:47:29.097147500}
20:47:29.852 [main] INFO  org.fiap.entities.User - Read by ID: User{name='John', lastName='Doe', email='john@email.com', password='Senha@123', userType='buyer', address=null, phone='11 99999-9999', birthDate=1990-01-01} _BaseEntity{id=1, createdAt=2024-06-01T20:47:29.851146200, updatedAt=2024-06-01T20:47:29.852145900}
20:47:30.716 [main] INFO  org.fiap.entities.Address - Create: Address{street='Rua Funchal 2', number='1234', complement='Apto 123', neighborhood='Vila Olimpia', city='São Paulo', state='SP', country='Brasil', zipCode='12345678'} _BaseEntity{id=0, createdAt=2024-06-01T20:47:29.935146500, updatedAt=2024-06-01T20:47:29.935146500}
20:47:30.982 [main] INFO  org.fiap.entities.Address - Read all entities
20:47:30.982 [main] INFO  org.fiap.entities.Address - Read all entities
20:47:31.305 [main] INFO  org.fiap.entities.Address - Read by ID: Address{street='Rua Funchal 2', number='1234', complement='Apto 123', neighborhood='Vila Olimpia', city='São Paulo', state='SP', country='Brasil', zipCode='12345678'} _BaseEntity{id=2, createdAt=2024-06-01T20:47:29.935147, updatedAt=2024-06-01T20:47:29.935147}
20:47:31.681 [main] INFO  org.fiap.entities.Address - Update: Address{street='Rua Funchal Updated', number='123', complement='Apto 123', neighborhood='Vila Olimpia', city='São Paulo', state='SP', country='Brasil', zipCode='12345678'} _BaseEntity{id=2, createdAt=2024-06-01T20:47:31.321146, updatedAt=2024-06-01T20:47:31.321146}
20:47:32.007 [main] INFO  org.fiap.entities.Address - Read by ID: Address{street='Rua Funchal Updated', number='123', complement='Apto 123', neighborhood='Vila Olimpia', city='São Paulo', state='SP', country='Brasil', zipCode='12345678'} _BaseEntity{id=2, createdAt=2024-06-01T20:47:29.935147, updatedAt=2024-06-01T20:47:31.378864}
20:47:32.333 [main] INFO  org.fiap.entities.Address - Delete by ID: Address{street='Rua Funchal Updated', number='123', complement='Apto 123', neighborhood='Vila Olimpia', city='São Paulo', state='SP', country='Brasil', zipCode='12345678'} _BaseEntity{id=2, createdAt=2024-06-01T20:47:29.935147, updatedAt=2024-06-01T20:47:31.378864}
20:47:32.611 [main] INFO  org.fiap.entities.Address - Read all entities
20:48:12.303 [main] INFO  org.fiap.entities.User - Create: User{name='John', lastName='Doe', email='john@email.com', password='Senha@123', userType='buyer', address=null, phone='11 99999-9999', birthDate=1990-01-01} _BaseEntity{id=0, createdAt=2024-06-01T20:48:11.821195500, updatedAt=2024-06-01T20:48:11.821195500}
20:48:12.682 [main] INFO  org.fiap.entities.User - Create: User{name='Maria', lastName='Doe', email='maria@email.com', password='Senha@123', userType='buyer', address=null, phone='11 99999-9999', birthDate=1990-01-01} _BaseEntity{id=0, createdAt=2024-06-01T20:48:11.821195500, updatedAt=2024-06-01T20:48:11.821195500}
20:48:13.049 [main] INFO  org.fiap.entities.User - Read by ID: User{name='John', lastName='Doe', email='john@email.com', password='Senha@123', userType='buyer', address=null, phone='11 99999-9999', birthDate=1990-01-01} _BaseEntity{id=1, createdAt=2024-06-01T20:48:13.049197200, updatedAt=2024-06-01T20:48:13.049197200}
20:48:13.512 [main] INFO  org.fiap.entities.Address - Create: Address{street='Rua Funchal', number='123', complement='Apto 123', neighborhood='Vila Olimpia', city='São Paulo', state='SP', country='Brasil', zipCode='12345678'} _BaseEntity{id=0, createdAt=2024-06-01T20:48:13.070195800, updatedAt=2024-06-01T20:48:13.070195800}
20:48:13.869 [main] INFO  org.fiap.entities.User - Read by ID: User{name='John', lastName='Doe', email='john@email.com', password='Senha@123', userType='buyer', address=null, phone='11 99999-9999', birthDate=1990-01-01} _BaseEntity{id=1, createdAt=2024-06-01T20:48:13.869199300, updatedAt=2024-06-01T20:48:13.869199300}
20:48:14.270 [main] INFO  org.fiap.entities.Address - Create: Address{street='Rua Funchal 2', number='1234', complement='Apto 123', neighborhood='Vila Olimpia', city='São Paulo', state='SP', country='Brasil', zipCode='12345678'} _BaseEntity{id=0, createdAt=2024-06-01T20:48:13.919198100, updatedAt=2024-06-01T20:48:13.919198100}
20:48:14.606 [main] INFO  org.fiap.entities.Address - Read all entities
20:48:14.606 [main] INFO  org.fiap.entities.Address - Read all entities
20:48:14.962 [main] INFO  org.fiap.entities.Address - Read by ID: Address{street='Rua Funchal 2', number='1234', complement='Apto 123', neighborhood='Vila Olimpia', city='São Paulo', state='SP', country='Brasil', zipCode='12345678'} _BaseEntity{id=2, createdAt=2024-06-01T20:48:13.919198, updatedAt=2024-06-01T20:48:13.919198}
20:48:15.381 [main] INFO  org.fiap.entities.Address - Update: Address{street='Rua Funchal Updated', number='123', complement='Apto 123', neighborhood='Vila Olimpia', city='São Paulo', state='SP', country='Brasil', zipCode='12345678'} _BaseEntity{id=2, createdAt=2024-06-01T20:48:15.006197700, updatedAt=2024-06-01T20:48:15.006197700}
20:48:15.669 [main] INFO  org.fiap.entities.Address - Read by ID: Address{street='Rua Funchal Updated', number='123', complement='Apto 123', neighborhood='Vila Olimpia', city='São Paulo', state='SP', country='Brasil', zipCode='12345678'} _BaseEntity{id=2, createdAt=2024-06-01T20:48:13.919198, updatedAt=2024-06-01T20:48:15.075723}
20:48:16.000 [main] INFO  org.fiap.entities.Address - Delete by ID: Address{street='Rua Funchal Updated', number='123', complement='Apto 123', neighborhood='Vila Olimpia', city='São Paulo', state='SP', country='Brasil', zipCode='12345678'} _BaseEntity{id=2, createdAt=2024-06-01T20:48:13.919198, updatedAt=2024-06-01T20:48:15.075723}
20:48:16.341 [main] INFO  org.fiap.entities.Address - Read all entities
